GROUP,PACKAGE,CLASS,INSTRUCTION_MISSED,INSTRUCTION_COVERED,BRANCH_MISSED,BRANCH_COVERED,LINE_MISSED,LINE_COVERED,COMPLEXITY_MISSED,COMPLEXITY_COVERED,METHOD_MISSED,METHOD_COVERED
Assignment2SOFT2412,default,VendingTransaction,61,0,0,0,9,0,2,0,2,0
Assignment2SOFT2412,default,VendingMachine,433,45,39,1,104,5,31,2,10,2
Assignment2SOFT2412,default,CancelledTransaction,51,0,0,0,8,0,2,0,2,0
Assignment2SOFT2412,default,Chips,61,0,0,0,10,0,4,0,4,0
Assignment2SOFT2412,default,Drinks,50,0,0,0,9,0,4,0,4,0
Assignment2SOFT2412,default,Snack,15,0,0,0,6,0,3,0,3,0
Assignment2SOFT2412,default,Chocolates,61,0,0,0,10,0,4,0,4,0
